C:\Program Files (x86)\MSBuild\Microsoft.Cpp\v4.0\V140\Microsoft.CppClean.targets(76,5): warning : 別のプロセスで使用されているため、プロセスはファイル 'c:\users\健太\desktop\directx11\__friends_dg\directx11\x64\debug\dx_mesh.obj' にアクセスできません。
  WAVManager.cpp
  OGGManager.cpp
  AutoProfile.cpp
  ALManager.cpp
  SceneMain.cpp
  IMOLoader.cpp
  IEMLoader.cpp
  DX_XInput.cpp
  DX_View.cpp
  DX_VertexShader.cpp
  DX_Texture.cpp
  DX_System.cpp
  DX_SkinMesh.cpp
  DX_ShaderManager.cpp
  DX_Shader.cpp
  DX_SceneManager.cpp
  DX_ResourceManager.cpp
c:\users\健太\desktop\directx11\__friends_dg\directx11\source\dx_library\dx_resourcemanager.cpp(40): warning C4267: '=': 'size_t' から 'int' に変換しました。データが失われているかもしれません。
c:\users\健太\desktop\directx11\__friends_dg\directx11\source\dx_library\dx_resourcemanager.cpp(43): warning C4267: '=': 'size_t' から 'int' に変換しました。データが失われているかもしれません。
c:\users\健太\desktop\directx11\__friends_dg\directx11\source\dx_library\dx_resourcemanager.cpp(84): warning C4267: '=': 'size_t' から 'int' に変換しました。データが失われているかもしれません。
c:\users\健太\desktop\directx11\__friends_dg\directx11\source\dx_library\dx_resourcemanager.cpp(87): warning C4267: '=': 'size_t' から 'int' に変換しました。データが失われているかもしれません。
  DX_Resource.cpp
  DX_RenderState.cpp
  DX_PixelShader.cpp
  コードを生成中...
  コンパイル中...
  DX_Particle.cpp
  DX_Mesh.cpp
c:\users\健太\desktop\directx11\__friends_dg\directx11\source\dx_library\dx_mesh.cpp(273): warning C4267: '=': 'size_t' から 'int' に変換しました。データが失われているかもしれません。
  DX_Lighting.cpp
c:\users\健太\desktop\directx11\__friends_dg\directx11\source\dx_library\dx_lighting.cpp(141): warning C4267: '=': 'size_t' から 'int' に変換しました。データが失われているかもしれません。
c:\users\健太\desktop\directx11\__friends_dg\directx11\source\dx_library\dx_lighting.cpp(181): warning C4267: '=': 'size_t' から 'int' に変換しました。データが失われているかもしれません。
  DX_instanceSkinMesh.cpp
  DX_InstanceMesh.cpp
  DX_Input.cpp
  DX_Graphics.cpp
  DX_GeometryShader.cpp
  DX_FramwWork.cpp
  DX_Font.cpp
  DX_Debug.cpp
  DX_ComputeShader.cpp
  DX_Buffer.cpp
c:\users\健太\desktop\directx11\__friends_dg\directx11\source\dx_library\dx_buffer.cpp(16): warning C4267: '=': 'size_t' から 'UINT' に変換しました。データが失われているかもしれません。
c:\users\健太\desktop\directx11\__friends_dg\directx11\source\dx_library\dx_buffer.cpp(46): warning C4267: '=': 'size_t' から 'UINT' に変換しました。データが失われているかもしれません。
c:\users\健太\desktop\directx11\__friends_dg\directx11\source\dx_library\dx_buffer.cpp(79): warning C4267: '=': 'size_t' から 'UINT' に変換しました。データが失われているかもしれません。
c:\users\健太\desktop\directx11\__friends_dg\directx11\source\dx_library\dx_buffer.cpp(81): warning C4267: '=': 'size_t' から 'UINT' に変換しました。データが失われているかもしれません。
c:\users\健太\desktop\directx11\__friends_dg\directx11\source\dx_library\dx_buffer.cpp(118): warning C4267: '=': 'size_t' から 'UINT' に変換しました。データが失われているかもしれません。
c:\users\健太\desktop\directx11\__friends_dg\directx11\source\dx_library\dx_buffer.cpp(161): warning C4267: '=': 'size_t' から 'UINT' に変換しました。データが失われているかもしれません。
c:\users\健太\desktop\directx11\__friends_dg\directx11\source\dx_library\dx_buffer.cpp(192): warning C4267: '=': 'size_t' から 'UINT' に変換しました。データが失われているかもしれません。
c:\users\健太\desktop\directx11\__friends_dg\directx11\source\dx_library\dx_buffer.cpp(219): warning C4267: '=': 'size_t' から 'UINT' に変換しました。データが失われているかもしれません。
c:\users\健太\desktop\directx11\__friends_dg\directx11\source\dx_library\dx_buffer.cpp(245): warning C4267: '=': 'size_t' から 'UINT' に変換しました。データが失われているかもしれません。
c:\users\健太\desktop\directx11\__friends_dg\directx11\source\dx_library\dx_buffer.cpp(273): warning C4267: '=': 'size_t' から 'UINT' に変換しました。データが失われているかもしれません。
c:\users\健太\desktop\directx11\__friends_dg\directx11\source\dx_library\dx_buffer.cpp(277): warning C4267: '=': 'size_t' から 'UINT' に変換しました。データが失われているかもしれません。
  DX_Audio.cpp
  DX_2DObject.cpp
c:\users\健太\desktop\directx11\__friends_dg\directx11\source\dx_library\dx_2dobject.cpp(183): warning C4267: '=': 'size_t' から 'int' に変換しました。データが失われているかもしれません。
  コードを生成中...
  DirectX11.vcxproj -> C:\Users\健太\Desktop\DirectX11\__friends_dg\DirectX11\x64\Debug\DirectX11.exe
  DirectX11.vcxproj -> C:\Users\健太\Desktop\DirectX11\__friends_dg\DirectX11\x64\Debug\DirectX11.pdb (Full PDB)
