c:\users\健太\desktop\directx11\__friends_dg\directx11\debug\vc140.pdb
c:\users\健太\desktop\directx11\__friends_dg\directx11\debug\vc140.idb
c:\users\健太\desktop\directx11\__friends_dg\directx11\debug\dx_pixelshader.obj
c:\users\健太\desktop\directx11\__friends_dg\directx11\debug\dx_renderstate.obj
c:\users\健太\desktop\directx11\__friends_dg\directx11\debug\dx_resource.obj
c:\users\健太\desktop\directx11\__friends_dg\directx11\debug\dx_resourcemanager.obj
c:\users\健太\desktop\directx11\__friends_dg\directx11\debug\dx_scenemanager.obj
c:\users\健太\desktop\directx11\__friends_dg\directx11\debug\dx_shader.obj
c:\users\健太\desktop\directx11\__friends_dg\directx11\debug\dx_shadermanager.obj
c:\users\健太\desktop\directx11\__friends_dg\directx11\debug\dx_skinmesh.obj
c:\users\健太\desktop\directx11\__friends_dg\directx11\debug\dx_system.obj
c:\users\健太\desktop\directx11\__friends_dg\directx11\debug\dx_texture.obj
c:\users\健太\desktop\directx11\__friends_dg\directx11\debug\dx_vertexshader.obj
c:\users\健太\desktop\directx11\__friends_dg\directx11\debug\dx_view.obj
c:\users\健太\desktop\directx11\__friends_dg\directx11\debug\dx_xinput.obj
c:\users\健太\desktop\directx11\__friends_dg\directx11\debug\iemloader.obj
c:\users\健太\desktop\directx11\__friends_dg\directx11\debug\imoloader.obj
c:\users\健太\desktop\directx11\__friends_dg\directx11\debug\scenemain.obj
c:\users\健太\desktop\directx11\__friends_dg\directx11\debug\almanager.obj
c:\users\健太\desktop\directx11\__friends_dg\directx11\debug\autoprofile.obj
c:\users\健太\desktop\directx11\__friends_dg\directx11\debug\oggmanager.obj
c:\users\健太\desktop\directx11\__friends_dg\directx11\debug\wavmanager.obj
c:\users\健太\desktop\directx11\__friends_dg\directx11\debug\dx_2dobject.obj
c:\users\健太\desktop\directx11\__friends_dg\directx11\debug\dx_audio.obj
c:\users\健太\desktop\directx11\__friends_dg\directx11\debug\dx_buffer.obj
c:\users\健太\desktop\directx11\__friends_dg\directx11\debug\dx_computeshader.obj
c:\users\健太\desktop\directx11\__friends_dg\directx11\debug\dx_debug.obj
c:\users\健太\desktop\directx11\__friends_dg\directx11\debug\dx_font.obj
c:\users\健太\desktop\directx11\__friends_dg\directx11\debug\dx_framwwork.obj
c:\users\健太\desktop\directx11\__friends_dg\directx11\debug\dx_geometryshader.obj
c:\users\健太\desktop\directx11\__friends_dg\directx11\debug\dx_graphics.obj
c:\users\健太\desktop\directx11\__friends_dg\directx11\debug\dx_input.obj
c:\users\健太\desktop\directx11\__friends_dg\directx11\debug\dx_instancemesh.obj
c:\users\健太\desktop\directx11\__friends_dg\directx11\debug\dx_instanceskinmesh.obj
c:\users\健太\desktop\directx11\__friends_dg\directx11\debug\dx_lighting.obj
c:\users\健太\desktop\directx11\__friends_dg\directx11\debug\dx_mesh.obj
c:\users\健太\desktop\directx11\__friends_dg\directx11\debug\dx_particle.obj
c:\users\健太\desktop\directx11\__friends_dg\directx11\debug\directx11.ilk
c:\users\健太\desktop\directx11\__friends_dg\directx11\debug\directx11.exe
c:\users\健太\desktop\directx11\__friends_dg\directx11\debug\directx11.pdb
c:\users\健太\desktop\directx11\__friends_dg\directx11\debug\dx_texture.obj.enc
c:\users\健太\desktop\directx11\__friends_dg\directx11\debug\directx11.tlog\cl.command.1.tlog
c:\users\健太\desktop\directx11\__friends_dg\directx11\debug\directx11.tlog\cl.read.1.tlog
c:\users\健太\desktop\directx11\__friends_dg\directx11\debug\directx11.tlog\cl.write.1.tlog
c:\users\健太\desktop\directx11\__friends_dg\directx11\debug\directx11.tlog\link.command.1.tlog
c:\users\健太\desktop\directx11\__friends_dg\directx11\debug\directx11.tlog\link.read.1.tlog
c:\users\健太\desktop\directx11\__friends_dg\directx11\debug\directx11.tlog\link.write.1.tlog
