  DX_2DObject.cpp
  DX_Audio.cpp
  DX_Box.cpp
  DX_Buffer.cpp
  DX_Button.cpp
  DX_ComputeShader.cpp
  DX_Debug.cpp
  DX_Font.cpp
  DX_FrameWork.cpp
c:\program files (x86)\windows kits\10\include\10.0.17763.0\ucrt\crtdbg.h(303): warning C4005: '_malloca': マクロが再定義されました。
  c:\program files (x86)\windows kits\10\include\10.0.17763.0\ucrt\malloc.h(122): note: '_malloca' の以前の定義を確認してください
  DX_GameObject.cpp
  DX_GeometryShader.cpp
  DX_Graphics.cpp
  DX_Input.cpp
  DX_Instance2DObject.cpp
  DX_InstanceMesh.cpp
  DX_instanceSkinMesh.cpp
  DX_Lighting.cpp
  DX_MaptipObject.cpp
  DX_Mesh.cpp
  DX_Particle.cpp
  コードを生成中...
  コンパイル中...
  DX_PixelShader.cpp
  DX_RenderState.cpp
  DX_Resource.cpp
  DX_ResourceManager.cpp
  DX_Scene.cpp
  DX_SceneManager.cpp
  DX_Shader.cpp
  DX_ShaderManager.cpp
  DX_SkinMesh.cpp
  DX_System.cpp
  DX_Texture.cpp
  DX_VertexShader.cpp
  DX_View.cpp
  DX_XInput.cpp
  MapChip.cpp
  Player.cpp
  SceneMain.cpp
  Stage.cpp
  SceneMenu.cpp
  SceneTitle.cpp
  コードを生成中...
  コンパイル中...
  IEMLoader.cpp
  IMOLoader.cpp
  ALManager.cpp
  OGGManager.cpp
  WAVManager.cpp
  コードを生成中...
  DirectX11.vcxproj -> C:\Users\junik\Documents\github\__friends_dg\DirectX11\Windwos 10.0.17763.0\v141\bin\x86\Debug\DX_Game.exe
