c:\users\junik\documents\github\__friends_dg\directx11\windwos 10.0.17763.0\v141\obj\x86\debug\dx_game\vc141.pdb
c:\users\junik\documents\github\__friends_dg\directx11\windwos 10.0.17763.0\v141\obj\x86\debug\dx_game\vc141.idb
c:\users\junik\documents\github\__friends_dg\directx11\windwos 10.0.17763.0\v141\obj\x86\debug\dx_game\dx_particle.obj
c:\users\junik\documents\github\__friends_dg\directx11\windwos 10.0.17763.0\v141\obj\x86\debug\dx_game\dx_mesh.obj
c:\users\junik\documents\github\__friends_dg\directx11\windwos 10.0.17763.0\v141\obj\x86\debug\dx_game\dx_maptipobject.obj
c:\users\junik\documents\github\__friends_dg\directx11\windwos 10.0.17763.0\v141\obj\x86\debug\dx_game\dx_lighting.obj
c:\users\junik\documents\github\__friends_dg\directx11\windwos 10.0.17763.0\v141\obj\x86\debug\dx_game\dx_instanceskinmesh.obj
c:\users\junik\documents\github\__friends_dg\directx11\windwos 10.0.17763.0\v141\obj\x86\debug\dx_game\dx_instancemesh.obj
c:\users\junik\documents\github\__friends_dg\directx11\windwos 10.0.17763.0\v141\obj\x86\debug\dx_game\dx_instance2dobject.obj
c:\users\junik\documents\github\__friends_dg\directx11\windwos 10.0.17763.0\v141\obj\x86\debug\dx_game\dx_input.obj
c:\users\junik\documents\github\__friends_dg\directx11\windwos 10.0.17763.0\v141\obj\x86\debug\dx_game\dx_graphics.obj
c:\users\junik\documents\github\__friends_dg\directx11\windwos 10.0.17763.0\v141\obj\x86\debug\dx_game\dx_geometryshader.obj
c:\users\junik\documents\github\__friends_dg\directx11\windwos 10.0.17763.0\v141\obj\x86\debug\dx_game\dx_gameobject.obj
c:\users\junik\documents\github\__friends_dg\directx11\windwos 10.0.17763.0\v141\obj\x86\debug\dx_game\dx_framework.obj
c:\users\junik\documents\github\__friends_dg\directx11\windwos 10.0.17763.0\v141\obj\x86\debug\dx_game\dx_font.obj
c:\users\junik\documents\github\__friends_dg\directx11\windwos 10.0.17763.0\v141\obj\x86\debug\dx_game\dx_debug.obj
c:\users\junik\documents\github\__friends_dg\directx11\windwos 10.0.17763.0\v141\obj\x86\debug\dx_game\dx_computeshader.obj
c:\users\junik\documents\github\__friends_dg\directx11\windwos 10.0.17763.0\v141\obj\x86\debug\dx_game\dx_button.obj
c:\users\junik\documents\github\__friends_dg\directx11\windwos 10.0.17763.0\v141\obj\x86\debug\dx_game\dx_buffer.obj
c:\users\junik\documents\github\__friends_dg\directx11\windwos 10.0.17763.0\v141\obj\x86\debug\dx_game\dx_box.obj
c:\users\junik\documents\github\__friends_dg\directx11\windwos 10.0.17763.0\v141\obj\x86\debug\dx_game\dx_audio.obj
c:\users\junik\documents\github\__friends_dg\directx11\windwos 10.0.17763.0\v141\obj\x86\debug\dx_game\dx_2dobject.obj
c:\users\junik\documents\github\__friends_dg\directx11\windwos 10.0.17763.0\v141\obj\x86\debug\dx_game\scenetitle.obj
c:\users\junik\documents\github\__friends_dg\directx11\windwos 10.0.17763.0\v141\obj\x86\debug\dx_game\scenemenu.obj
c:\users\junik\documents\github\__friends_dg\directx11\windwos 10.0.17763.0\v141\obj\x86\debug\dx_game\stage.obj
c:\users\junik\documents\github\__friends_dg\directx11\windwos 10.0.17763.0\v141\obj\x86\debug\dx_game\scenemain.obj
c:\users\junik\documents\github\__friends_dg\directx11\windwos 10.0.17763.0\v141\obj\x86\debug\dx_game\player.obj
c:\users\junik\documents\github\__friends_dg\directx11\windwos 10.0.17763.0\v141\obj\x86\debug\dx_game\mapchip.obj
c:\users\junik\documents\github\__friends_dg\directx11\windwos 10.0.17763.0\v141\obj\x86\debug\dx_game\dx_xinput.obj
c:\users\junik\documents\github\__friends_dg\directx11\windwos 10.0.17763.0\v141\obj\x86\debug\dx_game\dx_view.obj
c:\users\junik\documents\github\__friends_dg\directx11\windwos 10.0.17763.0\v141\obj\x86\debug\dx_game\dx_vertexshader.obj
c:\users\junik\documents\github\__friends_dg\directx11\windwos 10.0.17763.0\v141\obj\x86\debug\dx_game\dx_texture.obj
c:\users\junik\documents\github\__friends_dg\directx11\windwos 10.0.17763.0\v141\obj\x86\debug\dx_game\dx_system.obj
c:\users\junik\documents\github\__friends_dg\directx11\windwos 10.0.17763.0\v141\obj\x86\debug\dx_game\dx_skinmesh.obj
c:\users\junik\documents\github\__friends_dg\directx11\windwos 10.0.17763.0\v141\obj\x86\debug\dx_game\dx_shadermanager.obj
c:\users\junik\documents\github\__friends_dg\directx11\windwos 10.0.17763.0\v141\obj\x86\debug\dx_game\dx_shader.obj
c:\users\junik\documents\github\__friends_dg\directx11\windwos 10.0.17763.0\v141\obj\x86\debug\dx_game\dx_scenemanager.obj
c:\users\junik\documents\github\__friends_dg\directx11\windwos 10.0.17763.0\v141\obj\x86\debug\dx_game\dx_scene.obj
c:\users\junik\documents\github\__friends_dg\directx11\windwos 10.0.17763.0\v141\obj\x86\debug\dx_game\dx_resourcemanager.obj
c:\users\junik\documents\github\__friends_dg\directx11\windwos 10.0.17763.0\v141\obj\x86\debug\dx_game\dx_resource.obj
c:\users\junik\documents\github\__friends_dg\directx11\windwos 10.0.17763.0\v141\obj\x86\debug\dx_game\dx_renderstate.obj
c:\users\junik\documents\github\__friends_dg\directx11\windwos 10.0.17763.0\v141\obj\x86\debug\dx_game\dx_pixelshader.obj
c:\users\junik\documents\github\__friends_dg\directx11\windwos 10.0.17763.0\v141\obj\x86\debug\dx_game\wavmanager.obj
c:\users\junik\documents\github\__friends_dg\directx11\windwos 10.0.17763.0\v141\obj\x86\debug\dx_game\oggmanager.obj
c:\users\junik\documents\github\__friends_dg\directx11\windwos 10.0.17763.0\v141\obj\x86\debug\dx_game\almanager.obj
c:\users\junik\documents\github\__friends_dg\directx11\windwos 10.0.17763.0\v141\obj\x86\debug\dx_game\imoloader.obj
c:\users\junik\documents\github\__friends_dg\directx11\windwos 10.0.17763.0\v141\obj\x86\debug\dx_game\iemloader.obj
c:\users\junik\documents\github\__friends_dg\directx11\windwos 10.0.17763.0\v141\bin\x86\debug\dx_game.exe
c:\users\junik\documents\github\__friends_dg\directx11\windwos 10.0.17763.0\v141\bin\x86\debug\dx_game.ilk
c:\users\junik\documents\github\__friends_dg\directx11\windwos 10.0.17763.0\v141\bin\x86\debug\dx_game.pdb
c:\users\junik\documents\github\__friends_dg\directx11\windwos 10.0.17763.0\v141\obj\x86\debug\dx_game\dx_game.tlog\cl.command.1.tlog
c:\users\junik\documents\github\__friends_dg\directx11\windwos 10.0.17763.0\v141\obj\x86\debug\dx_game\dx_game.tlog\cl.read.1.tlog
c:\users\junik\documents\github\__friends_dg\directx11\windwos 10.0.17763.0\v141\obj\x86\debug\dx_game\dx_game.tlog\cl.write.1.tlog
c:\users\junik\documents\github\__friends_dg\directx11\windwos 10.0.17763.0\v141\obj\x86\debug\dx_game\dx_game.tlog\link.command.1.tlog
c:\users\junik\documents\github\__friends_dg\directx11\windwos 10.0.17763.0\v141\obj\x86\debug\dx_game\dx_game.tlog\link.read.1.tlog
c:\users\junik\documents\github\__friends_dg\directx11\windwos 10.0.17763.0\v141\obj\x86\debug\dx_game\dx_game.tlog\link.write.1.tlog
