  DX_2DObject.cpp
  DX_Audio.cpp
  DX_Buffer.cpp
Source\DX_LIBRARY\DX_Buffer.cpp(16): warning C4267: '=': 'size_t' から 'UINT' に変換しました。データが失われているかもしれません。
Source\DX_LIBRARY\DX_Buffer.cpp(46): warning C4267: '=': 'size_t' から 'UINT' に変換しました。データが失われているかもしれません。
Source\DX_LIBRARY\DX_Buffer.cpp(79): warning C4267: '=': 'size_t' から 'UINT' に変換しました。データが失われているかもしれません。
Source\DX_LIBRARY\DX_Buffer.cpp(81): warning C4267: '=': 'size_t' から 'UINT' に変換しました。データが失われているかもしれません。
Source\DX_LIBRARY\DX_Buffer.cpp(118): warning C4267: '=': 'size_t' から 'UINT' に変換しました。データが失われているかもしれません。
Source\DX_LIBRARY\DX_Buffer.cpp(161): warning C4267: '=': 'size_t' から 'UINT' に変換しました。データが失われているかもしれません。
Source\DX_LIBRARY\DX_Buffer.cpp(192): warning C4267: '=': 'size_t' から 'UINT' に変換しました。データが失われているかもしれません。
Source\DX_LIBRARY\DX_Buffer.cpp(219): warning C4267: '=': 'size_t' から 'UINT' に変換しました。データが失われているかもしれません。
Source\DX_LIBRARY\DX_Buffer.cpp(245): warning C4267: '=': 'size_t' から 'UINT' に変換しました。データが失われているかもしれません。
Source\DX_LIBRARY\DX_Buffer.cpp(273): warning C4267: '=': 'size_t' から 'UINT' に変換しました。データが失われているかもしれません。
Source\DX_LIBRARY\DX_Buffer.cpp(277): warning C4267: '=': 'size_t' から 'UINT' に変換しました。データが失われているかもしれません。
  DX_ComputeShader.cpp
  DX_Debug.cpp
  DX_Font.cpp
  DX_FramwWork.cpp
  DX_GeometryShader.cpp
Source\DX_LIBRARY\DX_GeometryShader.cpp(115): warning C4267: '引数': 'size_t' から 'UINT' に変換しました。データが失われているかもしれません。
  DX_Graphics.cpp
  DX_Input.cpp
  DX_InstanceMesh.cpp
  DX_instanceSkinMesh.cpp
  DX_Lighting.cpp
  DX_Mesh.cpp
  DX_Particle.cpp
  DX_PixelShader.cpp
  DX_RenderState.cpp
  DX_Resource.cpp
  DX_ResourceManager.cpp
  DX_SceneManager.cpp
  コンパイル中...
  DX_Shader.cpp
  DX_ShaderManager.cpp
  DX_SkinMesh.cpp
  DX_System.cpp
  DX_Texture.cpp
  DX_VertexShader.cpp
  DX_View.cpp
  DX_XInput.cpp
  IEMLoader.cpp
  IMOLoader.cpp
  SceneMain.cpp
  ALManager.cpp
  AutoProfile.cpp
  OGGManager.cpp
  WAVManager.cpp
  コード生成しています。
  All 1035 functions were compiled because no usable IPDB/IOBJ from previous compilation was found.
  コード生成が終了しました。
  DirectX11.vcxproj -> C:\Users\健太\Desktop\DirectX11\__friends_dg\DirectX11\x64\Release\DirectX11.exe
  DirectX11.vcxproj -> C:\Users\健太\Desktop\DirectX11\__friends_dg\DirectX11\x64\Release\DirectX11.pdb (Full PDB)
