c:\users\健太\desktop\directx11\__friends_dg\directx11\x64\release\vc140.pdb
c:\users\健太\desktop\directx11\__friends_dg\directx11\x64\release\dx_scenemanager.obj
c:\users\健太\desktop\directx11\__friends_dg\directx11\x64\release\dx_resourcemanager.obj
c:\users\健太\desktop\directx11\__friends_dg\directx11\x64\release\dx_resource.obj
c:\users\健太\desktop\directx11\__friends_dg\directx11\x64\release\dx_renderstate.obj
c:\users\健太\desktop\directx11\__friends_dg\directx11\x64\release\dx_pixelshader.obj
c:\users\健太\desktop\directx11\__friends_dg\directx11\x64\release\dx_particle.obj
c:\users\健太\desktop\directx11\__friends_dg\directx11\x64\release\dx_mesh.obj
c:\users\健太\desktop\directx11\__friends_dg\directx11\x64\release\dx_lighting.obj
c:\users\健太\desktop\directx11\__friends_dg\directx11\x64\release\dx_instanceskinmesh.obj
c:\users\健太\desktop\directx11\__friends_dg\directx11\x64\release\dx_instancemesh.obj
c:\users\健太\desktop\directx11\__friends_dg\directx11\x64\release\dx_input.obj
c:\users\健太\desktop\directx11\__friends_dg\directx11\x64\release\dx_graphics.obj
c:\users\健太\desktop\directx11\__friends_dg\directx11\x64\release\dx_geometryshader.obj
c:\users\健太\desktop\directx11\__friends_dg\directx11\x64\release\dx_framwwork.obj
c:\users\健太\desktop\directx11\__friends_dg\directx11\x64\release\dx_font.obj
c:\users\健太\desktop\directx11\__friends_dg\directx11\x64\release\dx_debug.obj
c:\users\健太\desktop\directx11\__friends_dg\directx11\x64\release\dx_computeshader.obj
c:\users\健太\desktop\directx11\__friends_dg\directx11\x64\release\dx_buffer.obj
c:\users\健太\desktop\directx11\__friends_dg\directx11\x64\release\dx_audio.obj
c:\users\健太\desktop\directx11\__friends_dg\directx11\x64\release\dx_2dobject.obj
c:\users\健太\desktop\directx11\__friends_dg\directx11\x64\release\wavmanager.obj
c:\users\健太\desktop\directx11\__friends_dg\directx11\x64\release\oggmanager.obj
c:\users\健太\desktop\directx11\__friends_dg\directx11\x64\release\autoprofile.obj
c:\users\健太\desktop\directx11\__friends_dg\directx11\x64\release\almanager.obj
c:\users\健太\desktop\directx11\__friends_dg\directx11\x64\release\scenemain.obj
c:\users\健太\desktop\directx11\__friends_dg\directx11\x64\release\imoloader.obj
c:\users\健太\desktop\directx11\__friends_dg\directx11\x64\release\iemloader.obj
c:\users\健太\desktop\directx11\__friends_dg\directx11\x64\release\dx_xinput.obj
c:\users\健太\desktop\directx11\__friends_dg\directx11\x64\release\dx_view.obj
c:\users\健太\desktop\directx11\__friends_dg\directx11\x64\release\dx_vertexshader.obj
c:\users\健太\desktop\directx11\__friends_dg\directx11\x64\release\dx_texture.obj
c:\users\健太\desktop\directx11\__friends_dg\directx11\x64\release\dx_system.obj
c:\users\健太\desktop\directx11\__friends_dg\directx11\x64\release\dx_skinmesh.obj
c:\users\健太\desktop\directx11\__friends_dg\directx11\x64\release\dx_shadermanager.obj
c:\users\健太\desktop\directx11\__friends_dg\directx11\x64\release\dx_shader.obj
c:\users\健太\desktop\directx11\__friends_dg\directx11\x64\release\directx11.exe
c:\users\健太\desktop\directx11\__friends_dg\directx11\x64\release\directx11.ipdb
c:\users\健太\desktop\directx11\__friends_dg\directx11\x64\release\directx11.iobj
c:\users\健太\desktop\directx11\__friends_dg\directx11\x64\release\directx11.pdb
c:\users\健太\desktop\directx11\__friends_dg\directx11\x64\release\directx11.tlog\cl.command.1.tlog
c:\users\健太\desktop\directx11\__friends_dg\directx11\x64\release\directx11.tlog\cl.read.1.tlog
c:\users\健太\desktop\directx11\__friends_dg\directx11\x64\release\directx11.tlog\cl.write.1.tlog
c:\users\健太\desktop\directx11\__friends_dg\directx11\x64\release\directx11.tlog\link.command.1.tlog
c:\users\健太\desktop\directx11\__friends_dg\directx11\x64\release\directx11.tlog\link.read.1.tlog
c:\users\健太\desktop\directx11\__friends_dg\directx11\x64\release\directx11.tlog\link.write.1.tlog
